mode: set
github.com/mayr0y/animated-octo-couscous.git/internal/greetings/greetings.go:20.63,27.34 2 1
github.com/mayr0y/animated-octo-couscous.git/internal/greetings/greetings.go:27.34,29.3 1 1
github.com/mayr0y/animated-octo-couscous.git/internal/greetings/greetings.go:30.2,30.31 1 1
github.com/mayr0y/animated-octo-couscous.git/internal/greetings/greetings.go:30.31,32.3 1 1
github.com/mayr0y/animated-octo-couscous.git/internal/greetings/greetings.go:33.2,33.33 1 1
github.com/mayr0y/animated-octo-couscous.git/internal/greetings/greetings.go:33.33,35.3 1 1
github.com/mayr0y/animated-octo-couscous.git/internal/greetings/greetings.go:37.2,39.43 2 1
github.com/mayr0y/animated-octo-couscous.git/internal/pkg/metrics/metrics.go:24.57,28.46 3 1
github.com/mayr0y/animated-octo-couscous.git/internal/pkg/metrics/metrics.go:28.46,30.3 1 0
github.com/mayr0y/animated-octo-couscous.git/internal/pkg/metrics/metrics.go:32.2,32.18 1 1
github.com/mayr0y/animated-octo-couscous.git/internal/pkg/metrics/metrics.go:35.35,36.17 1 0
github.com/mayr0y/animated-octo-couscous.git/internal/pkg/metrics/metrics.go:37.23,38.39 1 0
github.com/mayr0y/animated-octo-couscous.git/internal/pkg/metrics/metrics.go:39.25,40.39 1 0
github.com/mayr0y/animated-octo-couscous.git/internal/pkg/metrics/metrics.go:41.10,42.12 1 0
github.com/mayr0y/animated-octo-couscous.git/internal/pkg/server/config/config.go:26.38,30.23 3 1
github.com/mayr0y/animated-octo-couscous.git/internal/pkg/server/config/config.go:30.23,32.3 1 0
github.com/mayr0y/animated-octo-couscous.git/internal/pkg/server/config/config.go:34.2,34.40 1 1
github.com/mayr0y/animated-octo-couscous.git/internal/pkg/server/config/config.go:34.40,37.3 2 0
github.com/mayr0y/animated-octo-couscous.git/internal/pkg/server/config/config.go:38.2,38.13 1 1
github.com/mayr0y/animated-octo-couscous.git/internal/pkg/server/config/config.go:41.31,49.2 7 1
github.com/mayr0y/animated-octo-couscous.git/internal/pkg/agent/config/config.go:26.36,30.23 3 1
github.com/mayr0y/animated-octo-couscous.git/internal/pkg/agent/config/config.go:30.23,32.3 1 0
github.com/mayr0y/animated-octo-couscous.git/internal/pkg/agent/config/config.go:34.2,34.40 1 1
github.com/mayr0y/animated-octo-couscous.git/internal/pkg/agent/config/config.go:34.40,37.3 2 0
github.com/mayr0y/animated-octo-couscous.git/internal/pkg/agent/config/config.go:38.2,38.13 1 1
github.com/mayr0y/animated-octo-couscous.git/internal/pkg/agent/config/config.go:41.30,48.2 6 1
github.com/mayr0y/animated-octo-couscous.git/internal/pkg/metrics/metrics.go:24.57,28.46 3 1
github.com/mayr0y/animated-octo-couscous.git/internal/pkg/metrics/metrics.go:28.46,30.3 1 0
github.com/mayr0y/animated-octo-couscous.git/internal/pkg/metrics/metrics.go:32.2,32.18 1 1
github.com/mayr0y/animated-octo-couscous.git/internal/pkg/metrics/metrics.go:35.35,36.17 1 1
github.com/mayr0y/animated-octo-couscous.git/internal/pkg/metrics/metrics.go:37.23,38.39 1 1
github.com/mayr0y/animated-octo-couscous.git/internal/pkg/metrics/metrics.go:39.25,40.39 1 0
github.com/mayr0y/animated-octo-couscous.git/internal/pkg/metrics/metrics.go:41.10,42.12 1 0
github.com/mayr0y/animated-octo-couscous.git/internal/pkg/middleware/crypt.go:11.78,12.46 1 0
github.com/mayr0y/animated-octo-couscous.git/internal/pkg/middleware/crypt.go:12.46,13.72 1 0
github.com/mayr0y/animated-octo-couscous.git/internal/pkg/middleware/crypt.go:13.72,14.22 1 0
github.com/mayr0y/animated-octo-couscous.git/internal/pkg/middleware/crypt.go:14.22,16.5 1 0
github.com/mayr0y/animated-octo-couscous.git/internal/pkg/middleware/crypt.go:18.4,18.40 1 0
github.com/mayr0y/animated-octo-couscous.git/internal/pkg/middleware/crypt.go:18.40,21.5 2 0
github.com/mayr0y/animated-octo-couscous.git/internal/pkg/middleware/crypt.go:22.4,23.18 2 0
github.com/mayr0y/animated-octo-couscous.git/internal/pkg/middleware/crypt.go:23.18,26.5 2 0
github.com/mayr0y/animated-octo-couscous.git/internal/pkg/middleware/crypt.go:28.4,28.22 1 0
github.com/mayr0y/animated-octo-couscous.git/internal/pkg/middleware/crypt.go:28.22,31.5 2 0
github.com/mayr0y/animated-octo-couscous.git/internal/pkg/middleware/crypt.go:33.4,38.18 5 0
github.com/mayr0y/animated-octo-couscous.git/internal/pkg/middleware/crypt.go:38.18,41.5 2 0
github.com/mayr0y/animated-octo-couscous.git/internal/pkg/middleware/crypt.go:43.4,43.37 1 0
github.com/mayr0y/animated-octo-couscous.git/internal/pkg/middleware/crypt.go:43.37,46.5 2 0
github.com/mayr0y/animated-octo-couscous.git/internal/pkg/middleware/crypt.go:48.4,50.24 2 0
github.com/mayr0y/animated-octo-couscous.git/internal/pkg/middleware/logger.go:10.56,11.71 1 0
github.com/mayr0y/animated-octo-couscous.git/internal/pkg/middleware/logger.go:11.71,18.3 5 0
github.com/mayr0y/animated-octo-couscous.git/internal/pkg/server/handlers.go:26.54,32.2 5 1
github.com/mayr0y/animated-octo-couscous.git/internal/pkg/server/handlers.go:34.56,35.28 1 1
github.com/mayr0y/animated-octo-couscous.git/internal/pkg/server/handlers.go:35.28,38.3 2 1
github.com/mayr0y/animated-octo-couscous.git/internal/pkg/server/handlers.go:41.59,42.28 1 1
github.com/mayr0y/animated-octo-couscous.git/internal/pkg/server/handlers.go:42.28,45.3 2 1
github.com/mayr0y/animated-octo-couscous.git/internal/pkg/server/handlers.go:48.54,49.28 1 1
github.com/mayr0y/animated-octo-couscous.git/internal/pkg/server/handlers.go:49.28,50.59 1 1
github.com/mayr0y/animated-octo-couscous.git/internal/pkg/server/handlers.go:50.59,51.35 1 1
github.com/mayr0y/animated-octo-couscous.git/internal/pkg/server/handlers.go:51.35,53.5 1 0
github.com/mayr0y/animated-octo-couscous.git/internal/pkg/server/handlers.go:54.4,54.32 1 1
github.com/mayr0y/animated-octo-couscous.git/internal/pkg/server/handlers.go:59.82,60.54 1 1
github.com/mayr0y/animated-octo-couscous.git/internal/pkg/server/handlers.go:60.54,63.17 3 1
github.com/mayr0y/animated-octo-couscous.git/internal/pkg/server/handlers.go:63.17,65.4 1 0
github.com/mayr0y/animated-octo-couscous.git/internal/pkg/server/handlers.go:67.3,68.17 2 1
github.com/mayr0y/animated-octo-couscous.git/internal/pkg/server/handlers.go:68.17,72.4 3 0
github.com/mayr0y/animated-octo-couscous.git/internal/pkg/server/handlers.go:73.3,77.10 4 1
github.com/mayr0y/animated-octo-couscous.git/internal/pkg/server/handlers.go:77.10,81.4 3 0
github.com/mayr0y/animated-octo-couscous.git/internal/pkg/server/handlers.go:83.3,84.17 2 1
github.com/mayr0y/animated-octo-couscous.git/internal/pkg/server/handlers.go:84.17,87.4 2 0
github.com/mayr0y/animated-octo-couscous.git/internal/pkg/server/handlers.go:89.3,92.17 4 1
github.com/mayr0y/animated-octo-couscous.git/internal/pkg/server/handlers.go:92.17,94.4 1 0
github.com/mayr0y/animated-octo-couscous.git/internal/pkg/server/handlers.go:98.62,99.28 1 1
github.com/mayr0y/animated-octo-couscous.git/internal/pkg/server/handlers.go:99.28,100.60 1 1
github.com/mayr0y/animated-octo-couscous.git/internal/pkg/server/handlers.go:100.60,103.18 3 1
github.com/mayr0y/animated-octo-couscous.git/internal/pkg/server/handlers.go:103.18,105.5 1 0
github.com/mayr0y/animated-octo-couscous.git/internal/pkg/server/handlers.go:107.4,108.18 2 1
github.com/mayr0y/animated-octo-couscous.git/internal/pkg/server/handlers.go:108.18,111.5 2 0
github.com/mayr0y/animated-octo-couscous.git/internal/pkg/server/handlers.go:113.4,117.18 4 1
github.com/mayr0y/animated-octo-couscous.git/internal/pkg/server/handlers.go:117.18,119.5 1 0
github.com/mayr0y/animated-octo-couscous.git/internal/pkg/server/handlers.go:120.4,120.32 1 1
github.com/mayr0y/animated-octo-couscous.git/internal/pkg/server/handlers.go:125.85,126.54 1 1
github.com/mayr0y/animated-octo-couscous.git/internal/pkg/server/handlers.go:126.54,132.17 5 1
github.com/mayr0y/animated-octo-couscous.git/internal/pkg/server/handlers.go:132.17,134.4 1 0
github.com/mayr0y/animated-octo-couscous.git/internal/pkg/server/handlers.go:135.3,136.17 2 1
github.com/mayr0y/animated-octo-couscous.git/internal/pkg/server/handlers.go:136.17,139.4 2 0
github.com/mayr0y/animated-octo-couscous.git/internal/pkg/server/handlers.go:141.3,141.23 1 1
github.com/mayr0y/animated-octo-couscous.git/internal/pkg/server/handlers.go:142.34,143.27 1 0
github.com/mayr0y/animated-octo-couscous.git/internal/pkg/server/handlers.go:143.27,145.5 1 0
github.com/mayr0y/animated-octo-couscous.git/internal/pkg/server/handlers.go:146.4,147.18 2 0
github.com/mayr0y/animated-octo-couscous.git/internal/pkg/server/handlers.go:147.18,149.5 1 0
github.com/mayr0y/animated-octo-couscous.git/internal/pkg/server/handlers.go:150.4,150.32 1 0
github.com/mayr0y/animated-octo-couscous.git/internal/pkg/server/handlers.go:151.32,152.27 1 1
github.com/mayr0y/animated-octo-couscous.git/internal/pkg/server/handlers.go:152.27,154.5 1 0
github.com/mayr0y/animated-octo-couscous.git/internal/pkg/server/handlers.go:155.4,156.18 2 1
github.com/mayr0y/animated-octo-couscous.git/internal/pkg/server/handlers.go:156.18,158.5 1 0
github.com/mayr0y/animated-octo-couscous.git/internal/pkg/server/handlers.go:159.4,159.32 1 1
github.com/mayr0y/animated-octo-couscous.git/internal/pkg/server/handlers.go:160.11,161.58 1 0
github.com/mayr0y/animated-octo-couscous.git/internal/pkg/server/handlers.go:166.63,167.28 1 1
github.com/mayr0y/animated-octo-couscous.git/internal/pkg/server/handlers.go:167.28,168.59 1 1
github.com/mayr0y/animated-octo-couscous.git/internal/pkg/server/handlers.go:168.59,174.18 5 0
github.com/mayr0y/animated-octo-couscous.git/internal/pkg/server/handlers.go:174.18,176.5 1 0
github.com/mayr0y/animated-octo-couscous.git/internal/pkg/server/handlers.go:178.4,179.18 2 0
github.com/mayr0y/animated-octo-couscous.git/internal/pkg/server/handlers.go:179.18,182.5 2 0
github.com/mayr0y/animated-octo-couscous.git/internal/pkg/server/handlers.go:187.78,188.54 1 1
github.com/mayr0y/animated-octo-couscous.git/internal/pkg/server/handlers.go:188.54,197.21 6 1
github.com/mayr0y/animated-octo-couscous.git/internal/pkg/server/handlers.go:198.34,200.10 2 1
github.com/mayr0y/animated-octo-couscous.git/internal/pkg/server/handlers.go:200.10,202.5 1 1
github.com/mayr0y/animated-octo-couscous.git/internal/pkg/server/handlers.go:202.10,205.5 2 0
github.com/mayr0y/animated-octo-couscous.git/internal/pkg/server/handlers.go:206.32,208.10 2 1
github.com/mayr0y/animated-octo-couscous.git/internal/pkg/server/handlers.go:208.10,210.5 1 1
github.com/mayr0y/animated-octo-couscous.git/internal/pkg/server/handlers.go:210.10,213.5 2 0
github.com/mayr0y/animated-octo-couscous.git/internal/pkg/server/handlers.go:214.11,216.10 2 0
github.com/mayr0y/animated-octo-couscous.git/internal/pkg/server/handlers.go:218.3,219.17 2 1
github.com/mayr0y/animated-octo-couscous.git/internal/pkg/server/handlers.go:219.17,223.4 3 0
github.com/mayr0y/animated-octo-couscous.git/internal/pkg/server/handlers.go:227.88,228.54 1 1
github.com/mayr0y/animated-octo-couscous.git/internal/pkg/server/handlers.go:228.54,237.21 7 1
github.com/mayr0y/animated-octo-couscous.git/internal/pkg/server/handlers.go:238.34,239.73 1 1
github.com/mayr0y/animated-octo-couscous.git/internal/pkg/server/handlers.go:240.32,241.71 1 1
github.com/mayr0y/animated-octo-couscous.git/internal/pkg/server/handlers.go:242.11,243.56 1 1
github.com/mayr0y/animated-octo-couscous.git/internal/pkg/server/handlers.go:245.3,245.17 1 1
github.com/mayr0y/animated-octo-couscous.git/internal/pkg/server/handlers.go:245.17,247.4 1 1
github.com/mayr0y/animated-octo-couscous.git/internal/pkg/server/handlers.go:251.107,253.16 2 1
github.com/mayr0y/animated-octo-couscous.git/internal/pkg/server/handlers.go:253.16,255.3 1 1
github.com/mayr0y/animated-octo-couscous.git/internal/pkg/server/handlers.go:257.2,257.12 1 1
github.com/mayr0y/animated-octo-couscous.git/internal/pkg/server/handlers.go:260.109,262.16 2 1
github.com/mayr0y/animated-octo-couscous.git/internal/pkg/server/handlers.go:262.16,264.3 1 1
github.com/mayr0y/animated-octo-couscous.git/internal/pkg/server/handlers.go:266.2,266.12 1 1
github.com/mayr0y/animated-octo-couscous.git/internal/pkg/server/server.go:17.44,29.25 7 0
github.com/mayr0y/animated-octo-couscous.git/internal/pkg/server/server.go:29.25,31.3 1 0
github.com/mayr0y/animated-octo-couscous.git/internal/pkg/server/server.go:31.8,31.36 1 0
github.com/mayr0y/animated-octo-couscous.git/internal/pkg/server/server.go:31.36,33.3 1 0
github.com/mayr0y/animated-octo-couscous.git/internal/pkg/server/server.go:33.8,35.3 1 0
github.com/mayr0y/animated-octo-couscous.git/internal/pkg/server/server.go:37.2,37.16 1 0
github.com/mayr0y/animated-octo-couscous.git/internal/pkg/server/server.go:37.16,40.3 2 0
github.com/mayr0y/animated-octo-couscous.git/internal/pkg/server/server.go:42.2,61.15 6 0
github.com/mayr0y/animated-octo-couscous.git/internal/pkg/server/server.go:61.15,62.67 1 0
github.com/mayr0y/animated-octo-couscous.git/internal/pkg/server/server.go:62.67,64.4 1 0
github.com/mayr0y/animated-octo-couscous.git/internal/pkg/server/server.go:66.2,66.25 1 0
github.com/mayr0y/animated-octo-couscous.git/internal/pkg/server/server.go:66.25,69.13 3 0
github.com/mayr0y/animated-octo-couscous.git/internal/pkg/server/server.go:69.13,70.30 1 0
github.com/mayr0y/animated-octo-couscous.git/internal/pkg/server/server.go:70.30,72.19 2 0
github.com/mayr0y/animated-octo-couscous.git/internal/pkg/server/server.go:72.19,74.6 1 0
github.com/mayr0y/animated-octo-couscous.git/internal/pkg/server/server.go:78.2,81.12 3 0
github.com/mayr0y/animated-octo-couscous.git/internal/pkg/server/server.go:81.12,84.45 3 0
github.com/mayr0y/animated-octo-couscous.git/internal/pkg/server/server.go:84.45,86.4 1 0
github.com/mayr0y/animated-octo-couscous.git/internal/pkg/server/server.go:90.2,90.58 1 0
github.com/mayr0y/animated-octo-couscous.git/internal/pkg/server/server.go:90.58,93.3 2 0
github.com/mayr0y/animated-octo-couscous.git/internal/pkg/server/server.go:95.2,95.11 1 0
github.com/mayr0y/animated-octo-couscous.git/internal/pkg/server/config/config.go:26.38,30.23 3 0
github.com/mayr0y/animated-octo-couscous.git/internal/pkg/server/config/config.go:30.23,32.3 1 0
github.com/mayr0y/animated-octo-couscous.git/internal/pkg/server/config/config.go:34.2,34.40 1 0
github.com/mayr0y/animated-octo-couscous.git/internal/pkg/server/config/config.go:34.40,37.3 2 0
github.com/mayr0y/animated-octo-couscous.git/internal/pkg/server/config/config.go:38.2,38.13 1 0
github.com/mayr0y/animated-octo-couscous.git/internal/pkg/server/config/config.go:41.31,49.2 7 0
github.com/mayr0y/animated-octo-couscous.git/internal/pkg/storage/dbstore.go:23.38,25.2 1 0
github.com/mayr0y/animated-octo-couscous.git/internal/pkg/storage/dbstore.go:27.57,29.16 2 0
github.com/mayr0y/animated-octo-couscous.git/internal/pkg/storage/dbstore.go:29.16,31.3 1 0
github.com/mayr0y/animated-octo-couscous.git/internal/pkg/storage/dbstore.go:33.2,38.16 3 0
github.com/mayr0y/animated-octo-couscous.git/internal/pkg/storage/dbstore.go:38.16,41.3 2 0
github.com/mayr0y/animated-octo-couscous.git/internal/pkg/storage/dbstore.go:43.2,43.19 1 0
github.com/mayr0y/animated-octo-couscous.git/internal/pkg/storage/dbstore.go:46.37,50.16 2 0
github.com/mayr0y/animated-octo-couscous.git/internal/pkg/storage/dbstore.go:50.16,53.3 2 0
github.com/mayr0y/animated-octo-couscous.git/internal/pkg/storage/dbstore.go:55.2,58.16 2 0
github.com/mayr0y/animated-octo-couscous.git/internal/pkg/storage/dbstore.go:58.16,61.3 2 0
github.com/mayr0y/animated-octo-couscous.git/internal/pkg/storage/dbstore.go:63.2,63.12 1 0
github.com/mayr0y/animated-octo-couscous.git/internal/pkg/storage/dbstore.go:66.94,68.16 2 0
github.com/mayr0y/animated-octo-couscous.git/internal/pkg/storage/dbstore.go:68.16,70.3 1 0
github.com/mayr0y/animated-octo-couscous.git/internal/pkg/storage/dbstore.go:71.2,87.38 9 0
github.com/mayr0y/animated-octo-couscous.git/internal/pkg/storage/dbstore.go:87.38,88.89 1 0
github.com/mayr0y/animated-octo-couscous.git/internal/pkg/storage/dbstore.go:88.89,97.12 4 0
github.com/mayr0y/animated-octo-couscous.git/internal/pkg/storage/dbstore.go:99.3,99.32 1 0
github.com/mayr0y/animated-octo-couscous.git/internal/pkg/storage/dbstore.go:102.2,104.30 3 0
github.com/mayr0y/animated-octo-couscous.git/internal/pkg/storage/dbstore.go:104.30,105.10 1 0
github.com/mayr0y/animated-octo-couscous.git/internal/pkg/storage/dbstore.go:106.45,110.14 4 0
github.com/mayr0y/animated-octo-couscous.git/internal/pkg/storage/dbstore.go:111.43,115.12 4 0
github.com/mayr0y/animated-octo-couscous.git/internal/pkg/storage/dbstore.go:119.2,119.35 1 0
github.com/mayr0y/animated-octo-couscous.git/internal/pkg/storage/dbstore.go:119.35,120.10 1 0
github.com/mayr0y/animated-octo-couscous.git/internal/pkg/storage/dbstore.go:121.48,124.18 3 0
github.com/mayr0y/animated-octo-couscous.git/internal/pkg/storage/dbstore.go:124.18,126.5 1 0
github.com/mayr0y/animated-octo-couscous.git/internal/pkg/storage/dbstore.go:127.50,130.18 3 0
github.com/mayr0y/animated-octo-couscous.git/internal/pkg/storage/dbstore.go:130.18,132.5 1 0
github.com/mayr0y/animated-octo-couscous.git/internal/pkg/storage/dbstore.go:136.2,136.20 1 0
github.com/mayr0y/animated-octo-couscous.git/internal/pkg/storage/dbstore.go:139.103,141.16 2 0
github.com/mayr0y/animated-octo-couscous.git/internal/pkg/storage/dbstore.go:141.16,143.3 1 0
github.com/mayr0y/animated-octo-couscous.git/internal/pkg/storage/dbstore.go:144.2,150.74 3 0
github.com/mayr0y/animated-octo-couscous.git/internal/pkg/storage/dbstore.go:150.74,152.3 1 0
github.com/mayr0y/animated-octo-couscous.git/internal/pkg/storage/dbstore.go:154.2,154.20 1 0
github.com/mayr0y/animated-octo-couscous.git/internal/pkg/storage/dbstore.go:157.79,159.16 2 0
github.com/mayr0y/animated-octo-couscous.git/internal/pkg/storage/dbstore.go:159.16,161.3 1 0
github.com/mayr0y/animated-octo-couscous.git/internal/pkg/storage/dbstore.go:162.2,169.73 4 0
github.com/mayr0y/animated-octo-couscous.git/internal/pkg/storage/dbstore.go:169.73,171.3 1 0
github.com/mayr0y/animated-octo-couscous.git/internal/pkg/storage/dbstore.go:173.2,173.20 1 0
github.com/mayr0y/animated-octo-couscous.git/internal/pkg/storage/dbstore.go:176.99,178.16 2 0
github.com/mayr0y/animated-octo-couscous.git/internal/pkg/storage/dbstore.go:178.16,180.3 1 0
github.com/mayr0y/animated-octo-couscous.git/internal/pkg/storage/dbstore.go:181.2,187.72 3 0
github.com/mayr0y/animated-octo-couscous.git/internal/pkg/storage/dbstore.go:187.72,189.3 1 0
github.com/mayr0y/animated-octo-couscous.git/internal/pkg/storage/dbstore.go:191.2,191.20 1 0
github.com/mayr0y/animated-octo-couscous.git/internal/pkg/storage/dbstore.go:194.108,200.20 2 0
github.com/mayr0y/animated-octo-couscous.git/internal/pkg/storage/dbstore.go:201.33,207.61 4 0
github.com/mayr0y/animated-octo-couscous.git/internal/pkg/storage/dbstore.go:207.61,210.4 2 0
github.com/mayr0y/animated-octo-couscous.git/internal/pkg/storage/dbstore.go:211.3,211.26 1 0
github.com/mayr0y/animated-octo-couscous.git/internal/pkg/storage/dbstore.go:213.31,219.61 4 0
github.com/mayr0y/animated-octo-couscous.git/internal/pkg/storage/dbstore.go:219.61,222.4 2 0
github.com/mayr0y/animated-octo-couscous.git/internal/pkg/storage/dbstore.go:223.3,223.24 1 0
github.com/mayr0y/animated-octo-couscous.git/internal/pkg/storage/dbstore.go:224.10,225.20 1 0
github.com/mayr0y/animated-octo-couscous.git/internal/pkg/storage/dbstore.go:228.2,228.22 1 0
github.com/mayr0y/animated-octo-couscous.git/internal/pkg/storage/dbstore.go:231.89,237.16 3 0
github.com/mayr0y/animated-octo-couscous.git/internal/pkg/storage/dbstore.go:237.16,239.3 1 0
github.com/mayr0y/animated-octo-couscous.git/internal/pkg/storage/dbstore.go:240.2,240.29 1 0
github.com/mayr0y/animated-octo-couscous.git/internal/pkg/storage/dbstore.go:240.29,242.17 2 0
github.com/mayr0y/animated-octo-couscous.git/internal/pkg/storage/dbstore.go:242.17,244.4 1 0
github.com/mayr0y/animated-octo-couscous.git/internal/pkg/storage/dbstore.go:247.2,247.22 1 0
github.com/mayr0y/animated-octo-couscous.git/internal/pkg/storage/dbstore.go:247.22,254.61 4 0
github.com/mayr0y/animated-octo-couscous.git/internal/pkg/storage/dbstore.go:254.61,256.4 1 0
github.com/mayr0y/animated-octo-couscous.git/internal/pkg/storage/dbstore.go:258.3,258.34 1 0
github.com/mayr0y/animated-octo-couscous.git/internal/pkg/storage/dbstore.go:261.2,262.16 2 0
github.com/mayr0y/animated-octo-couscous.git/internal/pkg/storage/dbstore.go:262.16,264.3 1 0
github.com/mayr0y/animated-octo-couscous.git/internal/pkg/storage/dbstore.go:266.2,269.16 2 0
github.com/mayr0y/animated-octo-couscous.git/internal/pkg/storage/dbstore.go:269.16,271.3 1 0
github.com/mayr0y/animated-octo-couscous.git/internal/pkg/storage/dbstore.go:272.2,272.29 1 0
github.com/mayr0y/animated-octo-couscous.git/internal/pkg/storage/dbstore.go:272.29,274.17 2 0
github.com/mayr0y/animated-octo-couscous.git/internal/pkg/storage/dbstore.go:274.17,276.4 1 0
github.com/mayr0y/animated-octo-couscous.git/internal/pkg/storage/dbstore.go:279.2,279.20 1 0
github.com/mayr0y/animated-octo-couscous.git/internal/pkg/storage/dbstore.go:279.20,287.61 4 0
github.com/mayr0y/animated-octo-couscous.git/internal/pkg/storage/dbstore.go:287.61,289.4 1 0
github.com/mayr0y/animated-octo-couscous.git/internal/pkg/storage/dbstore.go:291.3,291.34 1 0
github.com/mayr0y/animated-octo-couscous.git/internal/pkg/storage/dbstore.go:294.2,295.16 2 0
github.com/mayr0y/animated-octo-couscous.git/internal/pkg/storage/dbstore.go:295.16,297.3 1 0
github.com/mayr0y/animated-octo-couscous.git/internal/pkg/storage/dbstore.go:299.2,299.24 1 0
github.com/mayr0y/animated-octo-couscous.git/internal/pkg/storage/dbstore.go:302.33,304.2 1 0
github.com/mayr0y/animated-octo-couscous.git/internal/pkg/storage/dbstore.go:306.34,309.2 2 0
github.com/mayr0y/animated-octo-couscous.git/internal/pkg/storage/dbstore.go:311.48,313.2 1 0
github.com/mayr0y/animated-octo-couscous.git/internal/pkg/storage/dbstore.go:315.48,317.2 1 0
github.com/mayr0y/animated-octo-couscous.git/internal/pkg/storage/memorystore.go:24.32,28.2 1 1
github.com/mayr0y/animated-octo-couscous.git/internal/pkg/storage/memorystore.go:30.85,38.2 2 0
github.com/mayr0y/animated-octo-couscous.git/internal/pkg/storage/memorystore.go:40.94,44.37 3 1
github.com/mayr0y/animated-octo-couscous.git/internal/pkg/storage/memorystore.go:44.37,46.10 2 1
github.com/mayr0y/animated-octo-couscous.git/internal/pkg/storage/memorystore.go:47.84,48.38 1 0
github.com/mayr0y/animated-octo-couscous.git/internal/pkg/storage/memorystore.go:49.84,50.83 1 0
github.com/mayr0y/animated-octo-couscous.git/internal/pkg/storage/memorystore.go:51.86,52.45 1 0
github.com/mayr0y/animated-octo-couscous.git/internal/pkg/storage/memorystore.go:53.86,54.83 1 0
github.com/mayr0y/animated-octo-couscous.git/internal/pkg/storage/memorystore.go:55.11,56.33 1 1
github.com/mayr0y/animated-octo-couscous.git/internal/pkg/storage/memorystore.go:60.2,60.12 1 1
github.com/mayr0y/animated-octo-couscous.git/internal/pkg/storage/memorystore.go:63.112,68.9 4 1
github.com/mayr0y/animated-octo-couscous.git/internal/pkg/storage/memorystore.go:69.40,70.39 1 1
github.com/mayr0y/animated-octo-couscous.git/internal/pkg/storage/memorystore.go:71.40,72.83 1 0
github.com/mayr0y/animated-octo-couscous.git/internal/pkg/storage/memorystore.go:73.10,78.4 1 1
github.com/mayr0y/animated-octo-couscous.git/internal/pkg/storage/memorystore.go:80.2,80.12 1 1
github.com/mayr0y/animated-octo-couscous.git/internal/pkg/storage/memorystore.go:83.116,88.9 4 1
github.com/mayr0y/animated-octo-couscous.git/internal/pkg/storage/memorystore.go:89.40,90.40 1 0
github.com/mayr0y/animated-octo-couscous.git/internal/pkg/storage/memorystore.go:91.40,92.83 1 0
github.com/mayr0y/animated-octo-couscous.git/internal/pkg/storage/memorystore.go:93.10,98.4 1 1
github.com/mayr0y/animated-octo-couscous.git/internal/pkg/storage/memorystore.go:101.2,101.12 1 1
github.com/mayr0y/animated-octo-couscous.git/internal/pkg/storage/memorystore.go:104.106,108.2 2 1
github.com/mayr0y/animated-octo-couscous.git/internal/pkg/storage/memorystore.go:110.90,112.2 1 0
github.com/mayr0y/animated-octo-couscous.git/internal/pkg/storage/memorystore.go:114.86,120.9 5 0
github.com/mayr0y/animated-octo-couscous.git/internal/pkg/storage/memorystore.go:121.40,122.32 1 0
github.com/mayr0y/animated-octo-couscous.git/internal/pkg/storage/memorystore.go:123.40,124.83 1 0
github.com/mayr0y/animated-octo-couscous.git/internal/pkg/storage/memorystore.go:125.10,130.4 1 0
github.com/mayr0y/animated-octo-couscous.git/internal/pkg/storage/memorystore.go:132.2,132.12 1 0
github.com/mayr0y/animated-octo-couscous.git/internal/pkg/storage/memorystore.go:135.58,136.20 1 0
github.com/mayr0y/animated-octo-couscous.git/internal/pkg/storage/memorystore.go:136.20,138.3 1 0
github.com/mayr0y/animated-octo-couscous.git/internal/pkg/storage/memorystore.go:139.2,140.16 2 0
github.com/mayr0y/animated-octo-couscous.git/internal/pkg/storage/memorystore.go:140.16,141.25 1 0
github.com/mayr0y/animated-octo-couscous.git/internal/pkg/storage/memorystore.go:141.25,143.4 1 0
github.com/mayr0y/animated-octo-couscous.git/internal/pkg/storage/memorystore.go:144.3,144.13 1 0
github.com/mayr0y/animated-octo-couscous.git/internal/pkg/storage/memorystore.go:146.2,149.39 3 0
github.com/mayr0y/animated-octo-couscous.git/internal/pkg/storage/memorystore.go:152.58,153.20 1 0
github.com/mayr0y/animated-octo-couscous.git/internal/pkg/storage/memorystore.go:153.20,155.3 1 0
github.com/mayr0y/animated-octo-couscous.git/internal/pkg/storage/memorystore.go:156.2,157.16 2 0
github.com/mayr0y/animated-octo-couscous.git/internal/pkg/storage/memorystore.go:157.16,159.3 1 0
github.com/mayr0y/animated-octo-couscous.git/internal/pkg/storage/memorystore.go:160.2,163.35 3 0
github.com/mayr0y/animated-octo-couscous.git/internal/pkg/storage/memorystore.go:166.36,168.2 1 1
github.com/mayr0y/animated-octo-couscous.git/internal/pkg/storage/memorystore.go:170.37,172.2 1 0
github.com/mayr0y/animated-octo-couscous.git/internal/pkg/metrics/metrics.go:24.57,28.46 3 0
github.com/mayr0y/animated-octo-couscous.git/internal/pkg/metrics/metrics.go:28.46,30.3 1 0
github.com/mayr0y/animated-octo-couscous.git/internal/pkg/metrics/metrics.go:32.2,32.18 1 0
github.com/mayr0y/animated-octo-couscous.git/internal/pkg/metrics/metrics.go:35.35,36.17 1 1
github.com/mayr0y/animated-octo-couscous.git/internal/pkg/metrics/metrics.go:37.23,38.39 1 0
github.com/mayr0y/animated-octo-couscous.git/internal/pkg/metrics/metrics.go:39.25,40.39 1 0
github.com/mayr0y/animated-octo-couscous.git/internal/pkg/metrics/metrics.go:41.10,42.12 1 1
github.com/mayr0y/animated-octo-couscous.git/internal/pkg/storage/dbstore.go:23.38,25.2 1 1
github.com/mayr0y/animated-octo-couscous.git/internal/pkg/storage/dbstore.go:27.57,29.16 2 0
github.com/mayr0y/animated-octo-couscous.git/internal/pkg/storage/dbstore.go:29.16,31.3 1 0
github.com/mayr0y/animated-octo-couscous.git/internal/pkg/storage/dbstore.go:33.2,38.16 3 0
github.com/mayr0y/animated-octo-couscous.git/internal/pkg/storage/dbstore.go:38.16,41.3 2 0
github.com/mayr0y/animated-octo-couscous.git/internal/pkg/storage/dbstore.go:43.2,43.19 1 0
github.com/mayr0y/animated-octo-couscous.git/internal/pkg/storage/dbstore.go:46.37,50.16 2 0
github.com/mayr0y/animated-octo-couscous.git/internal/pkg/storage/dbstore.go:50.16,53.3 2 0
github.com/mayr0y/animated-octo-couscous.git/internal/pkg/storage/dbstore.go:55.2,58.16 2 0
github.com/mayr0y/animated-octo-couscous.git/internal/pkg/storage/dbstore.go:58.16,61.3 2 0
github.com/mayr0y/animated-octo-couscous.git/internal/pkg/storage/dbstore.go:63.2,63.12 1 0
github.com/mayr0y/animated-octo-couscous.git/internal/pkg/storage/dbstore.go:66.94,68.16 2 0
github.com/mayr0y/animated-octo-couscous.git/internal/pkg/storage/dbstore.go:68.16,70.3 1 0
github.com/mayr0y/animated-octo-couscous.git/internal/pkg/storage/dbstore.go:71.2,87.38 9 0
github.com/mayr0y/animated-octo-couscous.git/internal/pkg/storage/dbstore.go:87.38,88.89 1 0
github.com/mayr0y/animated-octo-couscous.git/internal/pkg/storage/dbstore.go:88.89,97.12 4 0
github.com/mayr0y/animated-octo-couscous.git/internal/pkg/storage/dbstore.go:99.3,99.32 1 0
github.com/mayr0y/animated-octo-couscous.git/internal/pkg/storage/dbstore.go:102.2,104.30 3 0
github.com/mayr0y/animated-octo-couscous.git/internal/pkg/storage/dbstore.go:104.30,105.10 1 0
github.com/mayr0y/animated-octo-couscous.git/internal/pkg/storage/dbstore.go:106.45,110.14 4 0
github.com/mayr0y/animated-octo-couscous.git/internal/pkg/storage/dbstore.go:111.43,115.12 4 0
github.com/mayr0y/animated-octo-couscous.git/internal/pkg/storage/dbstore.go:119.2,119.35 1 0
github.com/mayr0y/animated-octo-couscous.git/internal/pkg/storage/dbstore.go:119.35,120.10 1 0
github.com/mayr0y/animated-octo-couscous.git/internal/pkg/storage/dbstore.go:121.48,124.18 3 0
github.com/mayr0y/animated-octo-couscous.git/internal/pkg/storage/dbstore.go:124.18,126.5 1 0
github.com/mayr0y/animated-octo-couscous.git/internal/pkg/storage/dbstore.go:127.50,130.18 3 0
github.com/mayr0y/animated-octo-couscous.git/internal/pkg/storage/dbstore.go:130.18,132.5 1 0
github.com/mayr0y/animated-octo-couscous.git/internal/pkg/storage/dbstore.go:136.2,136.20 1 0
github.com/mayr0y/animated-octo-couscous.git/internal/pkg/storage/dbstore.go:139.103,141.16 2 1
github.com/mayr0y/animated-octo-couscous.git/internal/pkg/storage/dbstore.go:141.16,143.3 1 1
github.com/mayr0y/animated-octo-couscous.git/internal/pkg/storage/dbstore.go:144.2,150.74 3 0
github.com/mayr0y/animated-octo-couscous.git/internal/pkg/storage/dbstore.go:150.74,152.3 1 0
github.com/mayr0y/animated-octo-couscous.git/internal/pkg/storage/dbstore.go:154.2,154.20 1 0
github.com/mayr0y/animated-octo-couscous.git/internal/pkg/storage/dbstore.go:157.79,159.16 2 0
github.com/mayr0y/animated-octo-couscous.git/internal/pkg/storage/dbstore.go:159.16,161.3 1 0
github.com/mayr0y/animated-octo-couscous.git/internal/pkg/storage/dbstore.go:162.2,169.73 4 0
github.com/mayr0y/animated-octo-couscous.git/internal/pkg/storage/dbstore.go:169.73,171.3 1 0
github.com/mayr0y/animated-octo-couscous.git/internal/pkg/storage/dbstore.go:173.2,173.20 1 0
github.com/mayr0y/animated-octo-couscous.git/internal/pkg/storage/dbstore.go:176.99,178.16 2 1
github.com/mayr0y/animated-octo-couscous.git/internal/pkg/storage/dbstore.go:178.16,180.3 1 1
github.com/mayr0y/animated-octo-couscous.git/internal/pkg/storage/dbstore.go:181.2,187.72 3 0
github.com/mayr0y/animated-octo-couscous.git/internal/pkg/storage/dbstore.go:187.72,189.3 1 0
github.com/mayr0y/animated-octo-couscous.git/internal/pkg/storage/dbstore.go:191.2,191.20 1 0
github.com/mayr0y/animated-octo-couscous.git/internal/pkg/storage/dbstore.go:194.108,200.20 2 0
github.com/mayr0y/animated-octo-couscous.git/internal/pkg/storage/dbstore.go:201.33,207.61 4 0
github.com/mayr0y/animated-octo-couscous.git/internal/pkg/storage/dbstore.go:207.61,210.4 2 0
github.com/mayr0y/animated-octo-couscous.git/internal/pkg/storage/dbstore.go:211.3,211.26 1 0
github.com/mayr0y/animated-octo-couscous.git/internal/pkg/storage/dbstore.go:213.31,219.61 4 0
github.com/mayr0y/animated-octo-couscous.git/internal/pkg/storage/dbstore.go:219.61,222.4 2 0
github.com/mayr0y/animated-octo-couscous.git/internal/pkg/storage/dbstore.go:223.3,223.24 1 0
github.com/mayr0y/animated-octo-couscous.git/internal/pkg/storage/dbstore.go:224.10,225.20 1 0
github.com/mayr0y/animated-octo-couscous.git/internal/pkg/storage/dbstore.go:228.2,228.22 1 0
github.com/mayr0y/animated-octo-couscous.git/internal/pkg/storage/dbstore.go:231.89,237.16 3 0
github.com/mayr0y/animated-octo-couscous.git/internal/pkg/storage/dbstore.go:237.16,239.3 1 0
github.com/mayr0y/animated-octo-couscous.git/internal/pkg/storage/dbstore.go:240.2,240.29 1 0
github.com/mayr0y/animated-octo-couscous.git/internal/pkg/storage/dbstore.go:240.29,242.17 2 0
github.com/mayr0y/animated-octo-couscous.git/internal/pkg/storage/dbstore.go:242.17,244.4 1 0
github.com/mayr0y/animated-octo-couscous.git/internal/pkg/storage/dbstore.go:247.2,247.22 1 0
github.com/mayr0y/animated-octo-couscous.git/internal/pkg/storage/dbstore.go:247.22,254.61 4 0
github.com/mayr0y/animated-octo-couscous.git/internal/pkg/storage/dbstore.go:254.61,256.4 1 0
github.com/mayr0y/animated-octo-couscous.git/internal/pkg/storage/dbstore.go:258.3,258.34 1 0
github.com/mayr0y/animated-octo-couscous.git/internal/pkg/storage/dbstore.go:261.2,262.16 2 0
github.com/mayr0y/animated-octo-couscous.git/internal/pkg/storage/dbstore.go:262.16,264.3 1 0
github.com/mayr0y/animated-octo-couscous.git/internal/pkg/storage/dbstore.go:266.2,269.16 2 0
github.com/mayr0y/animated-octo-couscous.git/internal/pkg/storage/dbstore.go:269.16,271.3 1 0
github.com/mayr0y/animated-octo-couscous.git/internal/pkg/storage/dbstore.go:272.2,272.29 1 0
github.com/mayr0y/animated-octo-couscous.git/internal/pkg/storage/dbstore.go:272.29,274.17 2 0
github.com/mayr0y/animated-octo-couscous.git/internal/pkg/storage/dbstore.go:274.17,276.4 1 0
github.com/mayr0y/animated-octo-couscous.git/internal/pkg/storage/dbstore.go:279.2,279.20 1 0
github.com/mayr0y/animated-octo-couscous.git/internal/pkg/storage/dbstore.go:279.20,287.61 4 0
github.com/mayr0y/animated-octo-couscous.git/internal/pkg/storage/dbstore.go:287.61,289.4 1 0
github.com/mayr0y/animated-octo-couscous.git/internal/pkg/storage/dbstore.go:291.3,291.34 1 0
github.com/mayr0y/animated-octo-couscous.git/internal/pkg/storage/dbstore.go:294.2,295.16 2 0
github.com/mayr0y/animated-octo-couscous.git/internal/pkg/storage/dbstore.go:295.16,297.3 1 0
github.com/mayr0y/animated-octo-couscous.git/internal/pkg/storage/dbstore.go:299.2,299.24 1 0
github.com/mayr0y/animated-octo-couscous.git/internal/pkg/storage/dbstore.go:302.33,304.2 1 1
github.com/mayr0y/animated-octo-couscous.git/internal/pkg/storage/dbstore.go:306.34,309.2 2 1
github.com/mayr0y/animated-octo-couscous.git/internal/pkg/storage/dbstore.go:311.48,313.2 1 0
github.com/mayr0y/animated-octo-couscous.git/internal/pkg/storage/dbstore.go:315.48,317.2 1 0
github.com/mayr0y/animated-octo-couscous.git/internal/pkg/storage/memorystore.go:24.32,28.2 1 0
github.com/mayr0y/animated-octo-couscous.git/internal/pkg/storage/memorystore.go:30.85,38.2 2 0
github.com/mayr0y/animated-octo-couscous.git/internal/pkg/storage/memorystore.go:40.94,44.37 3 1
github.com/mayr0y/animated-octo-couscous.git/internal/pkg/storage/memorystore.go:44.37,46.10 2 1
github.com/mayr0y/animated-octo-couscous.git/internal/pkg/storage/memorystore.go:47.84,48.38 1 0
github.com/mayr0y/animated-octo-couscous.git/internal/pkg/storage/memorystore.go:49.84,50.83 1 0
github.com/mayr0y/animated-octo-couscous.git/internal/pkg/storage/memorystore.go:51.86,52.45 1 0
github.com/mayr0y/animated-octo-couscous.git/internal/pkg/storage/memorystore.go:53.86,54.83 1 0
github.com/mayr0y/animated-octo-couscous.git/internal/pkg/storage/memorystore.go:55.11,56.33 1 1
github.com/mayr0y/animated-octo-couscous.git/internal/pkg/storage/memorystore.go:60.2,60.12 1 1
github.com/mayr0y/animated-octo-couscous.git/internal/pkg/storage/memorystore.go:63.112,68.9 4 1
github.com/mayr0y/animated-octo-couscous.git/internal/pkg/storage/memorystore.go:69.40,70.39 1 0
github.com/mayr0y/animated-octo-couscous.git/internal/pkg/storage/memorystore.go:71.40,72.83 1 0
github.com/mayr0y/animated-octo-couscous.git/internal/pkg/storage/memorystore.go:73.10,78.4 1 1
github.com/mayr0y/animated-octo-couscous.git/internal/pkg/storage/memorystore.go:80.2,80.12 1 1
github.com/mayr0y/animated-octo-couscous.git/internal/pkg/storage/memorystore.go:83.116,88.9 4 1
github.com/mayr0y/animated-octo-couscous.git/internal/pkg/storage/memorystore.go:89.40,90.40 1 0
github.com/mayr0y/animated-octo-couscous.git/internal/pkg/storage/memorystore.go:91.40,92.83 1 0
github.com/mayr0y/animated-octo-couscous.git/internal/pkg/storage/memorystore.go:93.10,98.4 1 1
github.com/mayr0y/animated-octo-couscous.git/internal/pkg/storage/memorystore.go:101.2,101.12 1 1
github.com/mayr0y/animated-octo-couscous.git/internal/pkg/storage/memorystore.go:104.106,108.2 2 1
github.com/mayr0y/animated-octo-couscous.git/internal/pkg/storage/memorystore.go:110.90,112.2 1 1
github.com/mayr0y/animated-octo-couscous.git/internal/pkg/storage/memorystore.go:114.86,120.9 5 1
github.com/mayr0y/animated-octo-couscous.git/internal/pkg/storage/memorystore.go:121.40,122.32 1 0
github.com/mayr0y/animated-octo-couscous.git/internal/pkg/storage/memorystore.go:123.40,124.83 1 0
github.com/mayr0y/animated-octo-couscous.git/internal/pkg/storage/memorystore.go:125.10,130.4 1 1
github.com/mayr0y/animated-octo-couscous.git/internal/pkg/storage/memorystore.go:132.2,132.12 1 1
github.com/mayr0y/animated-octo-couscous.git/internal/pkg/storage/memorystore.go:135.58,136.20 1 1
github.com/mayr0y/animated-octo-couscous.git/internal/pkg/storage/memorystore.go:136.20,138.3 1 0
github.com/mayr0y/animated-octo-couscous.git/internal/pkg/storage/memorystore.go:139.2,140.16 2 1
github.com/mayr0y/animated-octo-couscous.git/internal/pkg/storage/memorystore.go:140.16,141.25 1 0
github.com/mayr0y/animated-octo-couscous.git/internal/pkg/storage/memorystore.go:141.25,143.4 1 0
github.com/mayr0y/animated-octo-couscous.git/internal/pkg/storage/memorystore.go:144.3,144.13 1 0
github.com/mayr0y/animated-octo-couscous.git/internal/pkg/storage/memorystore.go:146.2,149.39 3 1
github.com/mayr0y/animated-octo-couscous.git/internal/pkg/storage/memorystore.go:152.58,153.20 1 1
github.com/mayr0y/animated-octo-couscous.git/internal/pkg/storage/memorystore.go:153.20,155.3 1 0
github.com/mayr0y/animated-octo-couscous.git/internal/pkg/storage/memorystore.go:156.2,157.16 2 1
github.com/mayr0y/animated-octo-couscous.git/internal/pkg/storage/memorystore.go:157.16,159.3 1 0
github.com/mayr0y/animated-octo-couscous.git/internal/pkg/storage/memorystore.go:160.2,163.35 3 1
github.com/mayr0y/animated-octo-couscous.git/internal/pkg/storage/memorystore.go:166.36,168.2 1 0
github.com/mayr0y/animated-octo-couscous.git/internal/pkg/storage/memorystore.go:170.37,172.2 1 0
github.com/mayr0y/animated-octo-couscous.git/internal/analyzer/analysis.go:47.41,90.2 1 0
github.com/mayr0y/animated-octo-couscous.git/internal/analyzer/maincheck.go:17.52,18.34 1 1
github.com/mayr0y/animated-octo-couscous.git/internal/analyzer/maincheck.go:18.34,21.42 2 1
github.com/mayr0y/animated-octo-couscous.git/internal/analyzer/maincheck.go:21.42,22.12 1 0
github.com/mayr0y/animated-octo-couscous.git/internal/analyzer/maincheck.go:25.3,25.46 1 1
github.com/mayr0y/animated-octo-couscous.git/internal/analyzer/maincheck.go:25.46,26.12 1 0
github.com/mayr0y/animated-octo-couscous.git/internal/analyzer/maincheck.go:29.3,29.24 1 1
github.com/mayr0y/animated-octo-couscous.git/internal/analyzer/maincheck.go:29.24,30.47 1 1
github.com/mayr0y/animated-octo-couscous.git/internal/analyzer/maincheck.go:30.47,31.112 1 1
github.com/mayr0y/animated-octo-couscous.git/internal/analyzer/maincheck.go:31.112,33.6 1 1
github.com/mayr0y/animated-octo-couscous.git/internal/analyzer/maincheck.go:34.5,34.16 1 1
github.com/mayr0y/animated-octo-couscous.git/internal/analyzer/maincheck.go:38.2,38.17 1 1
github.com/mayr0y/animated-octo-couscous.git/internal/analyzer/staticcheck.go:9.53,11.42 2 0
github.com/mayr0y/animated-octo-couscous.git/internal/analyzer/staticcheck.go:11.42,13.3 1 0
github.com/mayr0y/animated-octo-couscous.git/internal/analyzer/staticcheck.go:15.2,15.37 1 0
github.com/mayr0y/animated-octo-couscous.git/internal/analyzer/staticcheck.go:15.37,17.3 1 0
github.com/mayr0y/animated-octo-couscous.git/internal/analyzer/staticcheck.go:19.2,19.18 1 0
github.com/mayr0y/animated-octo-couscous.git/internal/pkg/agent/agent.go:13.62,28.12 11 0
github.com/mayr0y/animated-octo-couscous.git/internal/pkg/agent/agent.go:28.12,31.3 2 0
github.com/mayr0y/animated-octo-couscous.git/internal/pkg/agent/agent.go:33.2,33.35 1 0
github.com/mayr0y/animated-octo-couscous.git/internal/pkg/agent/agent.go:33.35,35.13 2 0
github.com/mayr0y/animated-octo-couscous.git/internal/pkg/agent/agent.go:35.13,38.4 2 0
github.com/mayr0y/animated-octo-couscous.git/internal/pkg/agent/agent.go:41.2,41.11 1 0
github.com/mayr0y/animated-octo-couscous.git/internal/pkg/agent/poller.go:22.95,23.6 1 0
github.com/mayr0y/animated-octo-couscous.git/internal/pkg/agent/poller.go:23.6,24.10 1 0
github.com/mayr0y/animated-octo-couscous.git/internal/pkg/agent/poller.go:25.21,26.10 1 0
github.com/mayr0y/animated-octo-couscous.git/internal/pkg/agent/poller.go:27.25,28.48 1 0
github.com/mayr0y/animated-octo-couscous.git/internal/pkg/agent/poller.go:28.48,30.5 1 0
github.com/mayr0y/animated-octo-couscous.git/internal/pkg/agent/poller.go:35.64,70.16 33 1
github.com/mayr0y/animated-octo-couscous.git/internal/pkg/agent/poller.go:70.16,72.3 1 0
github.com/mayr0y/animated-octo-couscous.git/internal/pkg/agent/poller.go:74.2,75.16 2 1
github.com/mayr0y/animated-octo-couscous.git/internal/pkg/agent/poller.go:75.16,77.3 1 0
github.com/mayr0y/animated-octo-couscous.git/internal/pkg/agent/poller.go:79.2,85.36 5 1
github.com/mayr0y/animated-octo-couscous.git/internal/pkg/agent/poller.go:85.36,87.17 2 1
github.com/mayr0y/animated-octo-couscous.git/internal/pkg/agent/poller.go:87.17,89.4 1 0
github.com/mayr0y/animated-octo-couscous.git/internal/pkg/agent/poller.go:92.2,93.16 2 1
github.com/mayr0y/animated-octo-couscous.git/internal/pkg/agent/poller.go:93.16,95.3 1 0
github.com/mayr0y/animated-octo-couscous.git/internal/pkg/agent/poller.go:97.2,97.26 1 1
github.com/mayr0y/animated-octo-couscous.git/internal/pkg/agent/poller.go:97.26,99.3 1 0
github.com/mayr0y/animated-octo-couscous.git/internal/pkg/agent/poller.go:99.8,101.3 1 1
github.com/mayr0y/animated-octo-couscous.git/internal/pkg/agent/reporter.go:21.108,22.6 1 0
github.com/mayr0y/animated-octo-couscous.git/internal/pkg/agent/reporter.go:22.6,23.10 1 0
github.com/mayr0y/animated-octo-couscous.git/internal/pkg/agent/reporter.go:24.21,25.10 1 0
github.com/mayr0y/animated-octo-couscous.git/internal/pkg/agent/reporter.go:26.25,28.18 2 0
github.com/mayr0y/animated-octo-couscous.git/internal/pkg/agent/reporter.go:28.18,30.5 1 0
github.com/mayr0y/animated-octo-couscous.git/internal/pkg/agent/reporter.go:31.4,31.10 1 0
github.com/mayr0y/animated-octo-couscous.git/internal/pkg/agent/reporter.go:31.10,32.65 1 0
github.com/mayr0y/animated-octo-couscous.git/internal/pkg/agent/reporter.go:32.65,34.6 1 0
github.com/mayr0y/animated-octo-couscous.git/internal/pkg/agent/reporter.go:40.108,42.16 2 1
github.com/mayr0y/animated-octo-couscous.git/internal/pkg/agent/reporter.go:42.16,45.3 2 0
github.com/mayr0y/animated-octo-couscous.git/internal/pkg/agent/reporter.go:47.2,48.31 2 1
github.com/mayr0y/animated-octo-couscous.git/internal/pkg/agent/reporter.go:48.31,50.3 1 1
github.com/mayr0y/animated-octo-couscous.git/internal/pkg/agent/reporter.go:52.2,54.65 2 1
github.com/mayr0y/animated-octo-couscous.git/internal/pkg/agent/reporter.go:54.65,56.3 1 1
github.com/mayr0y/animated-octo-couscous.git/internal/pkg/agent/reporter.go:57.2,57.18 1 0
github.com/mayr0y/animated-octo-couscous.git/internal/pkg/agent/reporter.go:60.87,62.16 2 1
github.com/mayr0y/animated-octo-couscous.git/internal/pkg/agent/reporter.go:62.16,64.3 1 0
github.com/mayr0y/animated-octo-couscous.git/internal/pkg/agent/reporter.go:66.2,68.41 3 1
github.com/mayr0y/animated-octo-couscous.git/internal/pkg/agent/reporter.go:68.41,70.3 1 0
github.com/mayr0y/animated-octo-couscous.git/internal/pkg/agent/reporter.go:72.2,73.16 2 1
github.com/mayr0y/animated-octo-couscous.git/internal/pkg/agent/reporter.go:73.16,75.3 1 0
github.com/mayr0y/animated-octo-couscous.git/internal/pkg/agent/reporter.go:77.2,78.16 2 1
github.com/mayr0y/animated-octo-couscous.git/internal/pkg/agent/reporter.go:78.16,80.3 1 0
github.com/mayr0y/animated-octo-couscous.git/internal/pkg/agent/reporter.go:82.2,85.20 3 1
github.com/mayr0y/animated-octo-couscous.git/internal/pkg/agent/reporter.go:85.20,90.3 4 1
github.com/mayr0y/animated-octo-couscous.git/internal/pkg/agent/reporter.go:92.2,93.16 2 1
github.com/mayr0y/animated-octo-couscous.git/internal/pkg/agent/reporter.go:93.16,95.3 1 1
github.com/mayr0y/animated-octo-couscous.git/internal/pkg/agent/reporter.go:97.2,99.38 2 0
github.com/mayr0y/animated-octo-couscous.git/internal/pkg/agent/reporter.go:99.38,101.3 1 0
github.com/mayr0y/animated-octo-couscous.git/internal/pkg/agent/reporter.go:103.2,103.12 1 0
github.com/mayr0y/animated-octo-couscous.git/internal/pkg/agent/config/config.go:26.36,30.23 3 0
github.com/mayr0y/animated-octo-couscous.git/internal/pkg/agent/config/config.go:30.23,32.3 1 0
github.com/mayr0y/animated-octo-couscous.git/internal/pkg/agent/config/config.go:34.2,34.40 1 0
github.com/mayr0y/animated-octo-couscous.git/internal/pkg/agent/config/config.go:34.40,37.3 2 0
github.com/mayr0y/animated-octo-couscous.git/internal/pkg/agent/config/config.go:38.2,38.13 1 0
github.com/mayr0y/animated-octo-couscous.git/internal/pkg/agent/config/config.go:41.30,48.2 6 0
github.com/mayr0y/animated-octo-couscous.git/internal/pkg/metrics/metrics.go:24.57,28.46 3 0
github.com/mayr0y/animated-octo-couscous.git/internal/pkg/metrics/metrics.go:28.46,30.3 1 0
github.com/mayr0y/animated-octo-couscous.git/internal/pkg/metrics/metrics.go:32.2,32.18 1 0
github.com/mayr0y/animated-octo-couscous.git/internal/pkg/metrics/metrics.go:35.35,36.17 1 0
github.com/mayr0y/animated-octo-couscous.git/internal/pkg/metrics/metrics.go:37.23,38.39 1 0
github.com/mayr0y/animated-octo-couscous.git/internal/pkg/metrics/metrics.go:39.25,40.39 1 0
github.com/mayr0y/animated-octo-couscous.git/internal/pkg/metrics/metrics.go:41.10,42.12 1 0
github.com/mayr0y/animated-octo-couscous.git/internal/pkg/storage/dbstore.go:23.38,25.2 1 0
github.com/mayr0y/animated-octo-couscous.git/internal/pkg/storage/dbstore.go:27.57,29.16 2 0
github.com/mayr0y/animated-octo-couscous.git/internal/pkg/storage/dbstore.go:29.16,31.3 1 0
github.com/mayr0y/animated-octo-couscous.git/internal/pkg/storage/dbstore.go:33.2,38.16 3 0
github.com/mayr0y/animated-octo-couscous.git/internal/pkg/storage/dbstore.go:38.16,41.3 2 0
github.com/mayr0y/animated-octo-couscous.git/internal/pkg/storage/dbstore.go:43.2,43.19 1 0
github.com/mayr0y/animated-octo-couscous.git/internal/pkg/storage/dbstore.go:46.37,50.16 2 0
github.com/mayr0y/animated-octo-couscous.git/internal/pkg/storage/dbstore.go:50.16,53.3 2 0
github.com/mayr0y/animated-octo-couscous.git/internal/pkg/storage/dbstore.go:55.2,58.16 2 0
github.com/mayr0y/animated-octo-couscous.git/internal/pkg/storage/dbstore.go:58.16,61.3 2 0
github.com/mayr0y/animated-octo-couscous.git/internal/pkg/storage/dbstore.go:63.2,63.12 1 0
github.com/mayr0y/animated-octo-couscous.git/internal/pkg/storage/dbstore.go:66.94,68.16 2 0
github.com/mayr0y/animated-octo-couscous.git/internal/pkg/storage/dbstore.go:68.16,70.3 1 0
github.com/mayr0y/animated-octo-couscous.git/internal/pkg/storage/dbstore.go:71.2,87.38 9 0
github.com/mayr0y/animated-octo-couscous.git/internal/pkg/storage/dbstore.go:87.38,88.89 1 0
github.com/mayr0y/animated-octo-couscous.git/internal/pkg/storage/dbstore.go:88.89,97.12 4 0
github.com/mayr0y/animated-octo-couscous.git/internal/pkg/storage/dbstore.go:99.3,99.32 1 0
github.com/mayr0y/animated-octo-couscous.git/internal/pkg/storage/dbstore.go:102.2,104.30 3 0
github.com/mayr0y/animated-octo-couscous.git/internal/pkg/storage/dbstore.go:104.30,105.10 1 0
github.com/mayr0y/animated-octo-couscous.git/internal/pkg/storage/dbstore.go:106.45,110.14 4 0
github.com/mayr0y/animated-octo-couscous.git/internal/pkg/storage/dbstore.go:111.43,115.12 4 0
github.com/mayr0y/animated-octo-couscous.git/internal/pkg/storage/dbstore.go:119.2,119.35 1 0
github.com/mayr0y/animated-octo-couscous.git/internal/pkg/storage/dbstore.go:119.35,120.10 1 0
github.com/mayr0y/animated-octo-couscous.git/internal/pkg/storage/dbstore.go:121.48,124.18 3 0
github.com/mayr0y/animated-octo-couscous.git/internal/pkg/storage/dbstore.go:124.18,126.5 1 0
github.com/mayr0y/animated-octo-couscous.git/internal/pkg/storage/dbstore.go:127.50,130.18 3 0
github.com/mayr0y/animated-octo-couscous.git/internal/pkg/storage/dbstore.go:130.18,132.5 1 0
github.com/mayr0y/animated-octo-couscous.git/internal/pkg/storage/dbstore.go:136.2,136.20 1 0
github.com/mayr0y/animated-octo-couscous.git/internal/pkg/storage/dbstore.go:139.103,141.16 2 0
github.com/mayr0y/animated-octo-couscous.git/internal/pkg/storage/dbstore.go:141.16,143.3 1 0
github.com/mayr0y/animated-octo-couscous.git/internal/pkg/storage/dbstore.go:144.2,150.74 3 0
github.com/mayr0y/animated-octo-couscous.git/internal/pkg/storage/dbstore.go:150.74,152.3 1 0
github.com/mayr0y/animated-octo-couscous.git/internal/pkg/storage/dbstore.go:154.2,154.20 1 0
github.com/mayr0y/animated-octo-couscous.git/internal/pkg/storage/dbstore.go:157.79,159.16 2 0
github.com/mayr0y/animated-octo-couscous.git/internal/pkg/storage/dbstore.go:159.16,161.3 1 0
github.com/mayr0y/animated-octo-couscous.git/internal/pkg/storage/dbstore.go:162.2,169.73 4 0
github.com/mayr0y/animated-octo-couscous.git/internal/pkg/storage/dbstore.go:169.73,171.3 1 0
github.com/mayr0y/animated-octo-couscous.git/internal/pkg/storage/dbstore.go:173.2,173.20 1 0
github.com/mayr0y/animated-octo-couscous.git/internal/pkg/storage/dbstore.go:176.99,178.16 2 0
github.com/mayr0y/animated-octo-couscous.git/internal/pkg/storage/dbstore.go:178.16,180.3 1 0
github.com/mayr0y/animated-octo-couscous.git/internal/pkg/storage/dbstore.go:181.2,187.72 3 0
github.com/mayr0y/animated-octo-couscous.git/internal/pkg/storage/dbstore.go:187.72,189.3 1 0
github.com/mayr0y/animated-octo-couscous.git/internal/pkg/storage/dbstore.go:191.2,191.20 1 0
github.com/mayr0y/animated-octo-couscous.git/internal/pkg/storage/dbstore.go:194.108,200.20 2 0
github.com/mayr0y/animated-octo-couscous.git/internal/pkg/storage/dbstore.go:201.33,207.61 4 0
github.com/mayr0y/animated-octo-couscous.git/internal/pkg/storage/dbstore.go:207.61,210.4 2 0
github.com/mayr0y/animated-octo-couscous.git/internal/pkg/storage/dbstore.go:211.3,211.26 1 0
github.com/mayr0y/animated-octo-couscous.git/internal/pkg/storage/dbstore.go:213.31,219.61 4 0
github.com/mayr0y/animated-octo-couscous.git/internal/pkg/storage/dbstore.go:219.61,222.4 2 0
github.com/mayr0y/animated-octo-couscous.git/internal/pkg/storage/dbstore.go:223.3,223.24 1 0
github.com/mayr0y/animated-octo-couscous.git/internal/pkg/storage/dbstore.go:224.10,225.20 1 0
github.com/mayr0y/animated-octo-couscous.git/internal/pkg/storage/dbstore.go:228.2,228.22 1 0
github.com/mayr0y/animated-octo-couscous.git/internal/pkg/storage/dbstore.go:231.89,237.16 3 0
github.com/mayr0y/animated-octo-couscous.git/internal/pkg/storage/dbstore.go:237.16,239.3 1 0
github.com/mayr0y/animated-octo-couscous.git/internal/pkg/storage/dbstore.go:240.2,240.29 1 0
github.com/mayr0y/animated-octo-couscous.git/internal/pkg/storage/dbstore.go:240.29,242.17 2 0
github.com/mayr0y/animated-octo-couscous.git/internal/pkg/storage/dbstore.go:242.17,244.4 1 0
github.com/mayr0y/animated-octo-couscous.git/internal/pkg/storage/dbstore.go:247.2,247.22 1 0
github.com/mayr0y/animated-octo-couscous.git/internal/pkg/storage/dbstore.go:247.22,254.61 4 0
github.com/mayr0y/animated-octo-couscous.git/internal/pkg/storage/dbstore.go:254.61,256.4 1 0
github.com/mayr0y/animated-octo-couscous.git/internal/pkg/storage/dbstore.go:258.3,258.34 1 0
github.com/mayr0y/animated-octo-couscous.git/internal/pkg/storage/dbstore.go:261.2,262.16 2 0
github.com/mayr0y/animated-octo-couscous.git/internal/pkg/storage/dbstore.go:262.16,264.3 1 0
github.com/mayr0y/animated-octo-couscous.git/internal/pkg/storage/dbstore.go:266.2,269.16 2 0
github.com/mayr0y/animated-octo-couscous.git/internal/pkg/storage/dbstore.go:269.16,271.3 1 0
github.com/mayr0y/animated-octo-couscous.git/internal/pkg/storage/dbstore.go:272.2,272.29 1 0
github.com/mayr0y/animated-octo-couscous.git/internal/pkg/storage/dbstore.go:272.29,274.17 2 0
github.com/mayr0y/animated-octo-couscous.git/internal/pkg/storage/dbstore.go:274.17,276.4 1 0
github.com/mayr0y/animated-octo-couscous.git/internal/pkg/storage/dbstore.go:279.2,279.20 1 0
github.com/mayr0y/animated-octo-couscous.git/internal/pkg/storage/dbstore.go:279.20,287.61 4 0
github.com/mayr0y/animated-octo-couscous.git/internal/pkg/storage/dbstore.go:287.61,289.4 1 0
github.com/mayr0y/animated-octo-couscous.git/internal/pkg/storage/dbstore.go:291.3,291.34 1 0
github.com/mayr0y/animated-octo-couscous.git/internal/pkg/storage/dbstore.go:294.2,295.16 2 0
github.com/mayr0y/animated-octo-couscous.git/internal/pkg/storage/dbstore.go:295.16,297.3 1 0
github.com/mayr0y/animated-octo-couscous.git/internal/pkg/storage/dbstore.go:299.2,299.24 1 0
github.com/mayr0y/animated-octo-couscous.git/internal/pkg/storage/dbstore.go:302.33,304.2 1 0
github.com/mayr0y/animated-octo-couscous.git/internal/pkg/storage/dbstore.go:306.34,309.2 2 0
github.com/mayr0y/animated-octo-couscous.git/internal/pkg/storage/dbstore.go:311.48,313.2 1 0
github.com/mayr0y/animated-octo-couscous.git/internal/pkg/storage/dbstore.go:315.48,317.2 1 0
github.com/mayr0y/animated-octo-couscous.git/internal/pkg/storage/memorystore.go:24.32,28.2 1 1
github.com/mayr0y/animated-octo-couscous.git/internal/pkg/storage/memorystore.go:30.85,38.2 2 0
github.com/mayr0y/animated-octo-couscous.git/internal/pkg/storage/memorystore.go:40.94,44.37 3 0
github.com/mayr0y/animated-octo-couscous.git/internal/pkg/storage/memorystore.go:44.37,46.10 2 0
github.com/mayr0y/animated-octo-couscous.git/internal/pkg/storage/memorystore.go:47.84,48.38 1 0
github.com/mayr0y/animated-octo-couscous.git/internal/pkg/storage/memorystore.go:49.84,50.83 1 0
github.com/mayr0y/animated-octo-couscous.git/internal/pkg/storage/memorystore.go:51.86,52.45 1 0
github.com/mayr0y/animated-octo-couscous.git/internal/pkg/storage/memorystore.go:53.86,54.83 1 0
github.com/mayr0y/animated-octo-couscous.git/internal/pkg/storage/memorystore.go:55.11,56.33 1 0
github.com/mayr0y/animated-octo-couscous.git/internal/pkg/storage/memorystore.go:60.2,60.12 1 0
github.com/mayr0y/animated-octo-couscous.git/internal/pkg/storage/memorystore.go:63.112,68.9 4 1
github.com/mayr0y/animated-octo-couscous.git/internal/pkg/storage/memorystore.go:69.40,70.39 1 0
github.com/mayr0y/animated-octo-couscous.git/internal/pkg/storage/memorystore.go:71.40,72.83 1 0
github.com/mayr0y/animated-octo-couscous.git/internal/pkg/storage/memorystore.go:73.10,78.4 1 1
github.com/mayr0y/animated-octo-couscous.git/internal/pkg/storage/memorystore.go:80.2,80.12 1 1
github.com/mayr0y/animated-octo-couscous.git/internal/pkg/storage/memorystore.go:83.116,88.9 4 1
github.com/mayr0y/animated-octo-couscous.git/internal/pkg/storage/memorystore.go:89.40,90.40 1 0
github.com/mayr0y/animated-octo-couscous.git/internal/pkg/storage/memorystore.go:91.40,92.83 1 0
github.com/mayr0y/animated-octo-couscous.git/internal/pkg/storage/memorystore.go:93.10,98.4 1 1
github.com/mayr0y/animated-octo-couscous.git/internal/pkg/storage/memorystore.go:101.2,101.12 1 1
github.com/mayr0y/animated-octo-couscous.git/internal/pkg/storage/memorystore.go:104.106,108.2 2 1
github.com/mayr0y/animated-octo-couscous.git/internal/pkg/storage/memorystore.go:110.90,112.2 1 1
github.com/mayr0y/animated-octo-couscous.git/internal/pkg/storage/memorystore.go:114.86,120.9 5 0
github.com/mayr0y/animated-octo-couscous.git/internal/pkg/storage/memorystore.go:121.40,122.32 1 0
github.com/mayr0y/animated-octo-couscous.git/internal/pkg/storage/memorystore.go:123.40,124.83 1 0
github.com/mayr0y/animated-octo-couscous.git/internal/pkg/storage/memorystore.go:125.10,130.4 1 0
github.com/mayr0y/animated-octo-couscous.git/internal/pkg/storage/memorystore.go:132.2,132.12 1 0
github.com/mayr0y/animated-octo-couscous.git/internal/pkg/storage/memorystore.go:135.58,136.20 1 0
github.com/mayr0y/animated-octo-couscous.git/internal/pkg/storage/memorystore.go:136.20,138.3 1 0
github.com/mayr0y/animated-octo-couscous.git/internal/pkg/storage/memorystore.go:139.2,140.16 2 0
github.com/mayr0y/animated-octo-couscous.git/internal/pkg/storage/memorystore.go:140.16,141.25 1 0
github.com/mayr0y/animated-octo-couscous.git/internal/pkg/storage/memorystore.go:141.25,143.4 1 0
github.com/mayr0y/animated-octo-couscous.git/internal/pkg/storage/memorystore.go:144.3,144.13 1 0
github.com/mayr0y/animated-octo-couscous.git/internal/pkg/storage/memorystore.go:146.2,149.39 3 0
github.com/mayr0y/animated-octo-couscous.git/internal/pkg/storage/memorystore.go:152.58,153.20 1 0
github.com/mayr0y/animated-octo-couscous.git/internal/pkg/storage/memorystore.go:153.20,155.3 1 0
github.com/mayr0y/animated-octo-couscous.git/internal/pkg/storage/memorystore.go:156.2,157.16 2 0
github.com/mayr0y/animated-octo-couscous.git/internal/pkg/storage/memorystore.go:157.16,159.3 1 0
github.com/mayr0y/animated-octo-couscous.git/internal/pkg/storage/memorystore.go:160.2,163.35 3 0
github.com/mayr0y/animated-octo-couscous.git/internal/pkg/storage/memorystore.go:166.36,168.2 1 0
github.com/mayr0y/animated-octo-couscous.git/internal/pkg/storage/memorystore.go:170.37,172.2 1 0
